<?xml version="1.0" encoding="UTF-8"?>
<?xml-stylesheet type="text/xsl" href="ivy-report.xsl"?>
<ivy-report version="1.0">
	<info
		organisation="default"
		module="default-050525"
		revision="0.1-SNAPSHOT"
		extra-sbtVersion="0.12"
		extra-scalaVersion="2.9.2"
		conf="test"
		confs="compile, runtime, test, provided, optional, compile-internal, runtime-internal, test-internal, plugin, sources, docs, pom"
		date="20130901172922"/>
	<dependencies>
		<module organisation="com.orrsella" name="sbt-sublime">
			<revision name="1.0.5" status="release" pubdate="20130327223335" resolver="public" artresolver="public" homepage="https://github.com/orrsella/sbt-sublime" extra-sbtVersion="0.12" extra-scalaVersion="2.9.2" downloaded="false" searched="false" default="false" conf="default(compile), default, compile, runtime, master" position="6">
				<license name="Apache 2" url="http://www.apache.org/licenses/LICENSE-2.0.txt"/>
				<metadata-artifact status="no" details="" size="3011" time="0" location="/home/yury/.ivy2/cache/scala_2.9.2/sbt_0.12/com.orrsella/sbt-sublime/ivy-1.0.5.xml" searched="false" origin-is-local="false" origin-location="http://repo1.maven.org/maven2/com/orrsella/sbt-sublime_2.9.2_0.12/1.0.5/sbt-sublime-1.0.5.pom"/>
				<caller organisation="default" name="default-050525" conf="test, compile, runtime" rev="1.0.5" rev-constraint-default="1.0.5" rev-constraint-dynamic="1.0.5" callerrev="0.1-SNAPSHOT" extra-sbtVersion="0.12" extra-scalaVersion="2.9.2"/>
				<artifacts>
					<artifact name="sbt-sublime" type="jar" ext="jar" status="no" details="" size="44291" time="0" location="/home/yury/.ivy2/cache/scala_2.9.2/sbt_0.12/com.orrsella/sbt-sublime/jars/sbt-sublime-1.0.5.jar">
						<origin-location is-local="false" location="http://repo1.maven.org/maven2/com/orrsella/sbt-sublime_2.9.2_0.12/1.0.5/sbt-sublime-1.0.5.jar"/>
					</artifact>
				</artifacts>
			</revision>
		</module>
		<module organisation="org.json4s" name="json4s-native_2.9.2">
			<revision name="3.2.2" status="release" pubdate="20130326084557" resolver="public" artresolver="public" homepage="https://github.com/json4s/json4s" downloaded="false" searched="false" default="false" conf="compile, master(*), runtime, compile(*), runtime(*), master" position="7">
				<license name="ASL" url="http://github.com/json4s/json4s/raw/HEAD/LICENSE"/>
				<metadata-artifact status="no" details="" size="2665" time="0" location="/home/yury/.ivy2/cache/org.json4s/json4s-native_2.9.2/ivy-3.2.2.xml" searched="false" origin-is-local="false" origin-location="http://repo1.maven.org/maven2/org/json4s/json4s-native_2.9.2/3.2.2/json4s-native_2.9.2-3.2.2.pom"/>
				<caller organisation="com.orrsella" name="sbt-sublime" conf="default, compile, runtime, master" rev="3.2.2" rev-constraint-default="3.2.2" rev-constraint-dynamic="3.2.2" callerrev="1.0.5"/>
				<artifacts>
					<artifact name="json4s-native_2.9.2" type="jar" ext="jar" status="no" details="" size="64671" time="0" location="/home/yury/.ivy2/cache/org.json4s/json4s-native_2.9.2/jars/json4s-native_2.9.2-3.2.2.jar">
						<origin-location is-local="false" location="http://repo1.maven.org/maven2/org/json4s/json4s-native_2.9.2/3.2.2/json4s-native_2.9.2-3.2.2.jar"/>
					</artifact>
				</artifacts>
			</revision>
		</module>
		<module organisation="org.json4s" name="json4s-core_2.9.2">
			<revision name="3.2.2" status="release" pubdate="20130326084543" resolver="public" artresolver="public" homepage="https://github.com/json4s/json4s" downloaded="false" searched="false" default="false" conf="compile, master(*), runtime, compile(*), runtime(*), master" position="8">
				<license name="ASL" url="http://github.com/json4s/json4s/raw/HEAD/LICENSE"/>
				<metadata-artifact status="no" details="" size="2939" time="0" location="/home/yury/.ivy2/cache/org.json4s/json4s-core_2.9.2/ivy-3.2.2.xml" searched="false" origin-is-local="false" origin-location="http://repo1.maven.org/maven2/org/json4s/json4s-core_2.9.2/3.2.2/json4s-core_2.9.2-3.2.2.pom"/>
				<caller organisation="org.json4s" name="json4s-native_2.9.2" conf="compile, runtime" rev="3.2.2" rev-constraint-default="3.2.2" rev-constraint-dynamic="3.2.2" callerrev="3.2.2"/>
				<artifacts>
					<artifact name="json4s-core_2.9.2" type="jar" ext="jar" status="no" details="" size="566439" time="0" location="/home/yury/.ivy2/cache/org.json4s/json4s-core_2.9.2/jars/json4s-core_2.9.2-3.2.2.jar">
						<origin-location is-local="false" location="http://repo1.maven.org/maven2/org/json4s/json4s-core_2.9.2/3.2.2/json4s-core_2.9.2-3.2.2.jar"/>
					</artifact>
				</artifacts>
			</revision>
		</module>
		<module organisation="org.scala-lang" name="scalap">
			<revision name="2.9.2" status="release" pubdate="20120413153538" resolver="public" artresolver="public" homepage="http://www.scala-lang.org/" downloaded="false" searched="false" default="false" conf="compile, master(*), runtime, compile(*), runtime(*), master" position="11">
				<license name="BSD-like" url="http://www.scala-lang.org/downloads/license.html    "/>
				<metadata-artifact status="no" details="" size="2516" time="0" location="/home/yury/.ivy2/cache/org.scala-lang/scalap/ivy-2.9.2.xml" searched="false" origin-is-local="false" origin-location="http://repo1.maven.org/maven2/org/scala-lang/scalap/2.9.2/scalap-2.9.2.pom"/>
				<caller organisation="org.json4s" name="json4s-core_2.9.2" conf="compile, runtime" rev="2.9.2" rev-constraint-default="2.9.2" rev-constraint-dynamic="2.9.2" callerrev="3.2.2"/>
				<artifacts>
					<artifact name="scalap" type="jar" ext="jar" status="no" details="" size="842198" time="0" location="/home/yury/.ivy2/cache/org.scala-lang/scalap/jars/scalap-2.9.2.jar">
						<origin-location is-local="false" location="http://repo1.maven.org/maven2/org/scala-lang/scalap/2.9.2/scalap-2.9.2.jar"/>
					</artifact>
				</artifacts>
			</revision>
		</module>
		<module organisation="org.scala-lang" name="scala-compiler">
			<revision name="2.9.2" status="release" pubdate="20120413153159" resolver="sbt-chain" artresolver="sbt-chain" homepage="http://www.scala-lang.org/" downloaded="false" searched="false" default="false" conf="compile, master(*), runtime, compile(*), runtime(*), master" position="12">
				<license name="BSD-like" url="http://www.scala-lang.org/downloads/license.html    "/>
				<metadata-artifact status="no" details="" size="2665" time="0" location="/home/yury/.ivy2/cache/org.scala-lang/scala-compiler/ivy-2.9.2.xml" searched="false" origin-is-local="false" origin-location="http://repo1.maven.org/maven2/org/scala-lang/scala-compiler/2.9.2/scala-compiler-2.9.2.pom"/>
				<caller organisation="org.scala-lang" name="scalap" conf="compile, runtime" rev="2.9.2" rev-constraint-default="2.9.2" rev-constraint-dynamic="2.9.2" callerrev="2.9.2"/>
				<artifacts>
				</artifacts>
			</revision>
		</module>
		<module organisation="com.thoughtworks.paranamer" name="paranamer">
			<revision name="2.5.2" status="release" pubdate="20121130170456" resolver="public" artresolver="public" homepage="" downloaded="false" searched="false" default="false" conf="compile, master(*), runtime, compile(*), runtime(*), master" position="10">
				<metadata-artifact status="no" details="" size="3447" time="0" location="/home/yury/.ivy2/cache/com.thoughtworks.paranamer/paranamer/ivy-2.5.2.xml" searched="false" origin-is-local="false" origin-location="http://repo1.maven.org/maven2/com/thoughtworks/paranamer/paranamer/2.5.2/paranamer-2.5.2.pom"/>
				<caller organisation="org.json4s" name="json4s-core_2.9.2" conf="compile, runtime" rev="2.5.2" rev-constraint-default="2.5.2" rev-constraint-dynamic="2.5.2" callerrev="3.2.2"/>
				<artifacts>
					<artifact name="paranamer" type="jar" ext="jar" status="no" details="" size="30190" time="0" location="/home/yury/.ivy2/cache/com.thoughtworks.paranamer/paranamer/jars/paranamer-2.5.2.jar">
						<origin-location is-local="false" location="http://repo1.maven.org/maven2/com/thoughtworks/paranamer/paranamer/2.5.2/paranamer-2.5.2.jar"/>
					</artifact>
				</artifacts>
			</revision>
		</module>
		<module organisation="org.json4s" name="json4s-ast_2.9.2">
			<revision name="3.2.2" status="release" pubdate="20130326084526" resolver="public" artresolver="public" homepage="https://github.com/json4s/json4s" downloaded="false" searched="false" default="false" conf="compile, master(*), runtime, compile(*), runtime(*), master" position="9">
				<license name="ASL" url="http://github.com/json4s/json4s/raw/HEAD/LICENSE"/>
				<metadata-artifact status="no" details="" size="2516" time="0" location="/home/yury/.ivy2/cache/org.json4s/json4s-ast_2.9.2/ivy-3.2.2.xml" searched="false" origin-is-local="false" origin-location="http://repo1.maven.org/maven2/org/json4s/json4s-ast_2.9.2/3.2.2/json4s-ast_2.9.2-3.2.2.pom"/>
				<caller organisation="org.json4s" name="json4s-core_2.9.2" conf="compile, runtime" rev="3.2.2" rev-constraint-default="3.2.2" rev-constraint-dynamic="3.2.2" callerrev="3.2.2"/>
				<artifacts>
					<artifact name="json4s-ast_2.9.2" type="jar" ext="jar" status="no" details="" size="83991" time="0" location="/home/yury/.ivy2/cache/org.json4s/json4s-ast_2.9.2/jars/json4s-ast_2.9.2-3.2.2.jar">
						<origin-location is-local="false" location="http://repo1.maven.org/maven2/org/json4s/json4s-ast_2.9.2/3.2.2/json4s-ast_2.9.2-3.2.2.jar"/>
					</artifact>
				</artifacts>
			</revision>
		</module>
		<module organisation="com.typesafe.sbteclipse" name="sbteclipse-plugin">
			<revision name="2.2.0" status="release" pubdate="20130425133124" resolver="typesafe-ivy-releases" artresolver="typesafe-ivy-releases" extra-sbtVersion="0.12" extra-scalaVersion="2.9.2" downloaded="false" searched="false" default="false" conf="default(compile), compile" position="2">
				<metadata-artifact status="no" details="" size="1807" time="0" location="/home/yury/.ivy2/cache/scala_2.9.2/sbt_0.12/com.typesafe.sbteclipse/sbteclipse-plugin/ivy-2.2.0.xml" searched="false" origin-is-local="false" origin-location="http://repo.typesafe.com/typesafe/ivy-releases/com.typesafe.sbteclipse/sbteclipse-plugin/scala_2.9.2/sbt_0.12/2.2.0/ivys/ivy.xml"/>
				<caller organisation="default" name="default-050525" conf="test, compile, runtime" rev="2.2.0" rev-constraint-default="2.2.0" rev-constraint-dynamic="2.2.0" callerrev="0.1-SNAPSHOT" extra-sbtVersion="0.12" extra-scalaVersion="2.9.2"/>
				<artifacts>
					<artifact name="sbteclipse-plugin" type="jar" ext="jar" status="no" details="" size="7979" time="0" location="/home/yury/.ivy2/cache/scala_2.9.2/sbt_0.12/com.typesafe.sbteclipse/sbteclipse-plugin/jars/sbteclipse-plugin-2.2.0.jar">
						<origin-location is-local="false" location="http://repo.typesafe.com/typesafe/ivy-releases/com.typesafe.sbteclipse/sbteclipse-plugin/scala_2.9.2/sbt_0.12/2.2.0/jars/sbteclipse-plugin.jar"/>
					</artifact>
				</artifacts>
			</revision>
		</module>
		<module organisation="com.typesafe.sbteclipse" name="sbteclipse-core">
			<revision name="2.2.0" status="release" pubdate="20130425133124" resolver="typesafe-ivy-releases" artresolver="typesafe-ivy-releases" extra-sbtVersion="0.12" extra-scalaVersion="2.9.2" downloaded="false" searched="false" default="false" conf="default(compile), compile" position="3">
				<metadata-artifact status="no" details="" size="1747" time="0" location="/home/yury/.ivy2/cache/scala_2.9.2/sbt_0.12/com.typesafe.sbteclipse/sbteclipse-core/ivy-2.2.0.xml" searched="false" origin-is-local="false" origin-location="http://repo.typesafe.com/typesafe/ivy-releases/com.typesafe.sbteclipse/sbteclipse-core/scala_2.9.2/sbt_0.12/2.2.0/ivys/ivy.xml"/>
				<caller organisation="com.typesafe.sbteclipse" name="sbteclipse-plugin" conf="compile" rev="2.2.0" rev-constraint-default="2.2.0" rev-constraint-dynamic="2.2.0" callerrev="2.2.0" extra-sbtVersion="0.12" extra-scalaVersion="2.9.2"/>
				<artifacts>
					<artifact name="sbteclipse-core" type="jar" ext="jar" status="no" details="" size="273882" time="0" location="/home/yury/.ivy2/cache/scala_2.9.2/sbt_0.12/com.typesafe.sbteclipse/sbteclipse-core/jars/sbteclipse-core-2.2.0.jar">
						<origin-location is-local="false" location="http://repo.typesafe.com/typesafe/ivy-releases/com.typesafe.sbteclipse/sbteclipse-core/scala_2.9.2/sbt_0.12/2.2.0/jars/sbteclipse-core.jar"/>
					</artifact>
				</artifacts>
			</revision>
		</module>
		<module organisation="org.scalaz" name="scalaz-core_2.9.2">
			<revision name="6.0.4" status="release" pubdate="20120414121242" resolver="public" artresolver="public" homepage="http://scalaz.org" downloaded="false" searched="false" default="false" conf="default(compile), default, compile, runtime, master" position="4">
				<license name="BSD-style" url="http://www.opensource.org/licenses/bsd-license.php"/>
				<metadata-artifact status="no" details="" size="2512" time="0" location="/home/yury/.ivy2/cache/org.scalaz/scalaz-core_2.9.2/ivy-6.0.4.xml" searched="false" origin-is-local="false" origin-location="http://repo1.maven.org/maven2/org/scalaz/scalaz-core_2.9.2/6.0.4/scalaz-core_2.9.2-6.0.4.pom"/>
				<caller organisation="com.typesafe.sbteclipse" name="sbteclipse-core" conf="compile" rev="6.0.4" rev-constraint-default="6.0.4" rev-constraint-dynamic="6.0.4" callerrev="2.2.0"/>
				<artifacts>
					<artifact name="scalaz-core_2.9.2" type="jar" ext="jar" status="no" details="" size="4474099" time="0" location="/home/yury/.ivy2/cache/org.scalaz/scalaz-core_2.9.2/jars/scalaz-core_2.9.2-6.0.4.jar">
						<origin-location is-local="false" location="http://repo1.maven.org/maven2/org/scalaz/scalaz-core_2.9.2/6.0.4/scalaz-core_2.9.2-6.0.4.jar"/>
					</artifact>
				</artifacts>
			</revision>
		</module>
		<module organisation="com.github.mpeltonen" name="sbt-idea">
			<revision name="1.4.0" status="release" pubdate="20130416143010" resolver="public" artresolver="public" homepage="http://your.project.url" extra-sbtVersion="0.12" extra-scalaVersion="2.9.2" downloaded="false" searched="false" default="false" conf="default(compile), default, compile, runtime, master" position="0">
				<license name="BSD-style" url="http://www.opensource.org/licenses/BSD-3-Clause"/>
				<metadata-artifact status="no" details="" size="3471" time="0" location="/home/yury/.ivy2/cache/scala_2.9.2/sbt_0.12/com.github.mpeltonen/sbt-idea/ivy-1.4.0.xml" searched="false" origin-is-local="false" origin-location="http://repo1.maven.org/maven2/com/github/mpeltonen/sbt-idea_2.9.2_0.12/1.4.0/sbt-idea-1.4.0.pom"/>
				<caller organisation="default" name="default-050525" conf="test, compile, runtime" rev="1.4.0" rev-constraint-default="1.4.0" rev-constraint-dynamic="1.4.0" callerrev="0.1-SNAPSHOT" extra-sbtVersion="0.12" extra-scalaVersion="2.9.2"/>
				<artifacts>
					<artifact name="sbt-idea" type="jar" ext="jar" status="no" details="" size="340865" time="0" location="/home/yury/.ivy2/cache/scala_2.9.2/sbt_0.12/com.github.mpeltonen/sbt-idea/jars/sbt-idea-1.4.0.jar">
						<origin-location is-local="false" location="http://repo1.maven.org/maven2/com/github/mpeltonen/sbt-idea_2.9.2_0.12/1.4.0/sbt-idea-1.4.0.jar"/>
					</artifact>
				</artifacts>
			</revision>
		</module>
		<module organisation="commons-io" name="commons-io">
			<revision name="2.0.1" status="release" pubdate="20101226191931" resolver="public" artresolver="public" homepage="http://commons.apache.org/io/" downloaded="false" searched="false" default="false" conf="compile, master(*), runtime, compile(*), runtime(*), master" position="1">
				<metadata-artifact status="no" details="" size="6238" time="0" location="/home/yury/.ivy2/cache/commons-io/commons-io/ivy-2.0.1.xml" searched="false" origin-is-local="false" origin-location="http://repo1.maven.org/maven2/commons-io/commons-io/2.0.1/commons-io-2.0.1.pom"/>
				<caller organisation="com.github.mpeltonen" name="sbt-idea" conf="default, compile, runtime, master" rev="2.0.1" rev-constraint-default="2.0.1" rev-constraint-dynamic="2.0.1" callerrev="1.4.0"/>
				<artifacts>
					<artifact name="commons-io" type="jar" ext="jar" status="no" details="" size="159509" time="0" location="/home/yury/.ivy2/cache/commons-io/commons-io/jars/commons-io-2.0.1.jar">
						<origin-location is-local="false" location="http://repo1.maven.org/maven2/commons-io/commons-io/2.0.1/commons-io-2.0.1.jar"/>
					</artifact>
				</artifacts>
			</revision>
		</module>
		<module organisation="org.scala-lang" name="scala-library">
			<revision name="2.9.2" status="release" pubdate="20120413152921" resolver="sbt-chain" artresolver="sbt-chain" homepage="http://www.scala-lang.org/" downloaded="false" searched="false" default="false" conf="compile, master(*), runtime, compile(*), runtime(*), master" position="5">
				<license name="BSD-like" url="http://www.scala-lang.org/downloads/license.html          "/>
				<metadata-artifact status="no" details="" size="2391" time="0" location="/home/yury/.ivy2/cache/org.scala-lang/scala-library/ivy-2.9.2.xml" searched="false" origin-is-local="false" origin-location="http://repo1.maven.org/maven2/org/scala-lang/scala-library/2.9.2/scala-library-2.9.2.pom"/>
				<caller organisation="org.scalaz" name="scalaz-core_2.9.2" conf="default, compile, runtime, master" rev="2.9.2" rev-constraint-default="2.9.2" rev-constraint-dynamic="2.9.2" callerrev="6.0.4"/>
				<caller organisation="org.json4s" name="json4s-native_2.9.2" conf="compile, runtime" rev="2.9.2" rev-constraint-default="2.9.2" rev-constraint-dynamic="2.9.2" callerrev="3.2.2"/>
				<caller organisation="org.json4s" name="json4s-core_2.9.2" conf="compile, runtime" rev="2.9.2" rev-constraint-default="2.9.2" rev-constraint-dynamic="2.9.2" callerrev="3.2.2"/>
				<caller organisation="org.scala-lang" name="scala-compiler" conf="compile, runtime" rev="2.9.2" rev-constraint-default="2.9.2" rev-constraint-dynamic="2.9.2" callerrev="2.9.2"/>
				<caller organisation="org.json4s" name="json4s-ast_2.9.2" conf="compile, runtime" rev="2.9.2" rev-constraint-default="2.9.2" rev-constraint-dynamic="2.9.2" callerrev="3.2.2"/>
				<artifacts>
				</artifacts>
			</revision>
		</module>
	</dependencies>
</ivy-report>
